<?xml version="1.0" encoding="UTF-8"?>
<robot generator="Robot 6.0.2 (Python 3.11.2 on win32)" generated="20230501 15:51:26.746" rpa="false" schemaversion="3">
<suite id="s1" name="K2 regresion" source="G:\Coding\Robotframework\K2_regresion.robot">
<test id="s1-t1" name="เปิด BROWSER" line="13">
<kw name="Open Browser" library="SeleniumLibrary">
<arg>${URL}</arg>
<arg>${BROWSER}</arg>
<doc>Opens a new browser instance to the optional ``url``.</doc>
<msg timestamp="20230501 15:51:26.952" level="INFO">Opening browser 'Edge' to base url 'https://www.google.co.th/'.</msg>
<status status="PASS" starttime="20230501 15:51:26.951" endtime="20230501 15:51:29.095"/>
</kw>
<status status="PASS" starttime="20230501 15:51:26.951" endtime="20230501 15:51:29.096"/>
</test>
<test id="s1-t2" name="ใส่ข้อความ" line="15">
<kw name="Input Text" library="SeleniumLibrary">
<arg>//*[@id="APjFqb"]</arg>
<arg>${MESSAGE}</arg>
<doc>Types the given ``text`` into the text field identified by ``locator``.</doc>
<msg timestamp="20230501 15:51:29.098" level="INFO">Typing text 'Robotframework' into text field '//*[@id="APjFqb"]'.</msg>
<status status="PASS" starttime="20230501 15:51:29.097" endtime="20230501 15:51:29.184"/>
</kw>
<kw name="Sleep" library="BuiltIn">
<arg>1</arg>
<doc>Pauses the test executed for the given time.</doc>
<msg timestamp="20230501 15:51:30.185" level="INFO">Slept 1 second</msg>
<status status="PASS" starttime="20230501 15:51:29.185" endtime="20230501 15:51:30.185"/>
</kw>
<status status="PASS" starttime="20230501 15:51:29.097" endtime="20230501 15:51:30.185"/>
</test>
<test id="s1-t3" name="กดปุ่ม &quot;ค้นหา&quot;" line="18">
<kw name="Click Element" library="SeleniumLibrary">
<arg>//*[@name="btnK"]</arg>
<doc>Click the element identified by ``locator``.</doc>
<msg timestamp="20230501 15:51:30.187" level="INFO">Clicking element '//*[@name="btnK"]'.</msg>
<status status="PASS" starttime="20230501 15:51:30.186" endtime="20230501 15:51:33.002"/>
</kw>
<kw name="Sleep" library="BuiltIn">
<arg>1</arg>
<doc>Pauses the test executed for the given time.</doc>
<msg timestamp="20230501 15:51:34.003" level="INFO">Slept 1 second</msg>
<status status="PASS" starttime="20230501 15:51:33.002" endtime="20230501 15:51:34.003"/>
</kw>
<kw name="Close Browser" library="SeleniumLibrary">
<doc>Closes the current browser.</doc>
<status status="PASS" starttime="20230501 15:51:34.003" endtime="20230501 15:51:36.126"/>
</kw>
<status status="PASS" starttime="20230501 15:51:30.186" endtime="20230501 15:51:36.126"/>
</test>
<status status="PASS" starttime="20230501 15:51:26.748" endtime="20230501 15:51:36.127"/>
</suite>
<statistics>
<total>
<stat pass="3" fail="0" skip="0">All Tests</stat>
</total>
<tag>
</tag>
<suite>
<stat pass="3" fail="0" skip="0" id="s1" name="K2 regresion">K2 regresion</stat>
</suite>
</statistics>
<errors>
</errors>
</robot>
